1: package io;
2: 
3: import java.io.BufferedReader;
4: import java.io.IOException;
5: import java.io.PrintWriter;
6: import java.io.StringReader;
7: 
8: /**
9:  * TODO
10:  *
11:  * @className: FileOutputShortcut
12:  * @author: zhuhe
13:  * @date: 2020/6/8 18:48
14:  */
15: public class FileOutputShortcut {
16:     private static final String OUT_PATH = "./out/";
17:     private static final String PATH = "./src/io/";
18:     private static final String OUT_FILE = "FileOutputShortcut.out";
19:     private static final String FILE = "FileOutputShortcut.java";
20: 
21:     public static void main(String[] args) throws IOException {
22:         BufferedReader in = new BufferedReader(
23:                 new StringReader(
24:                         BufferedInputFile.read(PATH + FILE)));
25:         PrintWriter out = new PrintWriter(OUT_PATH + OUT_FILE);
26:         int lineCount = 1;
27:         String s;
28:         while ((s = in.readLine()) != null) {
29:             out.println(lineCount++ + ": " + s);
30:         }
31:         out.close();
32:         System.out.println(BufferedInputFile.read(OUT_PATH + OUT_FILE));
33:     }
34: }
